<?xml version="1.0" encoding="UTF-8"?>
<testng-results ignored="0" total="2" passed="2" failed="0" skipped="0">
  <reporter-output>
  </reporter-output>
  <suite started-at="2024-04-04T18:40:01 IST" name="Default suite" finished-at="2024-04-04T18:40:57 IST" duration-ms="56470">
    <groups>
    </groups>
    <test started-at="2024-04-04T18:40:01 IST" name="Default test" finished-at="2024-04-04T18:40:57 IST" duration-ms="56470">
      <class name="regression.Runner">
        <test-method is-config="true" signature="setUp()[pri:0, instance:regression.Runner@63a12c68]" started-at="2024-04-04T18:40:01 IST" name="setUp" finished-at="2024-04-04T18:40:05 IST" duration-ms="4215" status="PASS">
          <reporter-output>
          </reporter-output>
        </test-method> <!-- setUp -->
        <test-method signature="verifyValidDetails(java.lang.String,java.lang.String,java.lang.String,java.lang.String,java.lang.String,java.lang.String,int,java.lang.String)[pri:1, instance:regression.Runner@63a12c68]" started-at="2024-04-04T18:40:05 IST" name="verifyValidDetails" data-provider="Valid_details" finished-at="2024-04-04T18:40:32 IST" duration-ms="27339" status="PASS">
          <params>
            <param index="0">
              <value>
                <![CDATA[testentry@fincart.com]]>
              </value>
            </param>
            <param index="1">
              <value>
                <![CDATA[fincart@123]]>
              </value>
            </param>
            <param index="2">
              <value>
                <![CDATA[rahul]]>
              </value>
            </param>
            <param index="3">
              <value>
                <![CDATA[India]]>
              </value>
            </param>
            <param index="4">
              <value>
                <![CDATA[9898989898]]>
              </value>
            </param>
            <param index="5">
              <value>
                <![CDATA[kjahdiuh@yopmail.com]]>
              </value>
            </param>
            <param index="6">
              <value>
                <![CDATA[1]]>
              </value>
            </param>
            <param index="7">
              <value>
                <![CDATA[sample]]>
              </value>
            </param>
          </params>
          <reporter-output>
          </reporter-output>
        </test-method> <!-- verifyValidDetails -->
        <test-method is-config="true" signature="setUp()[pri:0, instance:regression.Runner@63a12c68]" started-at="2024-04-04T18:40:32 IST" name="setUp" finished-at="2024-04-04T18:40:36 IST" duration-ms="3760" status="PASS">
          <reporter-output>
          </reporter-output>
        </test-method> <!-- setUp -->
        <test-method signature="verifyInValidDetails(java.lang.String,java.lang.String,java.lang.String,java.lang.String,java.lang.String,java.lang.String,int,java.lang.String)[pri:2, instance:regression.Runner@63a12c68]" started-at="2024-04-04T18:40:36 IST" name="verifyInValidDetails" data-provider="Invalid_details" finished-at="2024-04-04T18:40:57 IST" duration-ms="21091" status="PASS">
          <params>
            <param index="0">
              <value>
                <![CDATA[xyz]]>
              </value>
            </param>
            <param index="1">
              <value>
                <![CDATA[abc]]>
              </value>
            </param>
            <param index="2">
              <value>
                <![CDATA[rahul]]>
              </value>
            </param>
            <param index="3">
              <value>
                <![CDATA[India]]>
              </value>
            </param>
            <param index="4">
              <value>
                <![CDATA[9898989898]]>
              </value>
            </param>
            <param index="5">
              <value>
                <![CDATA[kjahdiuh@yopmail.com]]>
              </value>
            </param>
            <param index="6">
              <value>
                <![CDATA[1]]>
              </value>
            </param>
            <param index="7">
              <value>
                <![CDATA[sample]]>
              </value>
            </param>
          </params>
          <reporter-output>
          </reporter-output>
        </test-method> <!-- verifyInValidDetails -->
      </class> <!-- regression.Runner -->
    </test> <!-- Default test -->
  </suite> <!-- Default suite -->
</testng-results>
